<?xml version="1.0" encoding="UTF-8"?>
<testng-results skipped="0" failed="0" ignored="0" total="2" passed="2">
  <reporter-output>
  </reporter-output>
  <suite name="Suite" duration-ms="45" started-at="2017-10-27T05:22:47Z" finished-at="2017-10-27T05:22:47Z">
    <groups>
    </groups>
    <test name="Test" duration-ms="45" started-at="2017-10-27T05:22:47Z" finished-at="2017-10-27T05:22:47Z">
      <class name="testonjenkins.mydata">
        <test-method status="PASS" signature="test1()[pri:0, instance:testonjenkins.mydata@e6e9c3]" name="test1" duration-ms="14" started-at="2017-10-27T01:22:47Z" finished-at="2017-10-27T01:22:47Z">
          <reporter-output>
          </reporter-output>
        </test-method> <!-- test1 -->
      </class> <!-- testonjenkins.mydata -->
      <class name="testonjenkins.myanotherdata">
        <test-method status="PASS" signature="sample()[pri:0, instance:testonjenkins.myanotherdata@69b199]" name="sample" duration-ms="1" started-at="2017-10-27T01:22:47Z" finished-at="2017-10-27T01:22:47Z">
          <reporter-output>
          </reporter-output>
        </test-method> <!-- sample -->
      </class> <!-- testonjenkins.myanotherdata -->
    </test> <!-- Test -->
  </suite> <!-- Suite -->
</testng-results>
